00:00 +0: loading C:/Tektech/mini-task-tracker/flutter_app/test/widgets/screens/admin_screen_test.dart
00:00 +0: C:/Tektech/mini-task-tracker/flutter_app/test/widgets/screens/admin_screen_test.dart: AdminScreen - Tab Bar Rendering should render tab bar with 4 tabs for TEAM_MANAGER
00:00 +1: C:/Tektech/mini-task-tracker/flutter_app/test/widgets/screens/guest_topics_screen_test.dart: GuestTopicsScreen Widget Tests should render loading state
00:00 +2: C:/Tektech/mini-task-tracker/flutter_app/test/widgets/screens/guest_topics_screen_test.dart: GuestTopicsScreen Widget Tests should render loading state
00:00 +3: C:/Tektech/mini-task-tracker/flutter_app/test/widgets/screens/admin_screen_test.dart: AdminScreen - Tab Bar Rendering should show Exit Admin Mode button
00:01 +4: C:/Tektech/mini-task-tracker/flutter_app/test/widgets/screens/admin_screen_test.dart: AdminScreen - Tab Bar Rendering should show Exit Admin Mode button
══╡ EXCEPTION CAUGHT BY FLUTTER TEST FRAMEWORK ╞════════════════════════════════════════════════════
The following TestFailure was thrown running a test:
Expected: exactly one matching candidate
  Actual: _IconWidgetFinder:<Found 0 widgets with icon "IconData(U+0E16A)": []>
   Which: means none were found but one was expected

When the exception was thrown, this was the stack:
#4      main.<anonymous closure>.<anonymous closure> (file:///C:/Tektech/mini-task-tracker/flutter_app/test/widgets/screens/admin_screen_test.dart:78:7)
<asynchronous suspension>
#5      testWidgets.<anonymous closure>.<anonymous closure> (package:flutter_test/src/widget_tester.dart:192:15)
<asynchronous suspension>
#6      TestWidgetsFlutterBinding._runTestBody (package:flutter_test/src/binding.dart:1059:5)
<asynchronous suspension>
<asynchronous suspension>
(elided one frame from package:stack_trace)

This was caught by the test expectation on the following line:
  file:///C:/Tektech/mini-task-tracker/flutter_app/test/widgets/screens/admin_screen_test.dart line 78
The test description was:
  should show Exit Admin Mode button
════════════════════════════════════════════════════════════════════════════════════════════════════
00:01 +4 -1: C:/Tektech/mini-task-tracker/flutter_app/test/widgets/screens/guest_topics_screen_test.dart: GuestTopicsScreen Widget Tests should render topic list when topics are available
00:01 +4 -1: C:/Tektech/mini-task-tracker/flutter_app/test/widgets/screens/admin_screen_test.dart: AdminScreen - Tab Bar Rendering should show Exit Admin Mode button [E]
  Test failed. See exception logs above.
  The test description was: should show Exit Admin Mode button
  
00:01 +5 -1: C:/Tektech/mini-task-tracker/flutter_app/test/widgets/screens/admin_screen_test.dart: AdminScreen - Tab Bar Rendering should switch tabs on tap
00:01 +6 -1: C:/Tektech/mini-task-tracker/flutter_app/test/widgets/screens/admin_screen_test.dart: AdminScreen - Tab Bar Rendering should switch tabs on tap
Pending timers:
Timer (duration: 0:00:00.000000, periodic: false), created:
#0      new FakeTimer._ (package:fake_async/fake_async.dart:342:62)
#1      FakeAsync._createTimer (package:fake_async/fake_async.dart:260:29)
#2      FakeAsync.run.<anonymous closure> (package:fake_async/fake_async.dart:185:15)
#7      DioMixin.fetch (package:dio/src/dio_mixin.dart:466:30)
#8      _ApiService.getTasks (package:flutter_app/data/datasources/api_service.g.dart:92:32)
#9      TaskRepository.getTeamActiveTasks (package:flutter_app/data/repositories/task_repository.dart:16:40)
#10     _TaskManagementTabState._loadData.<anonymous closure> (package:flutter_app/features/admin/presentation/admin_screen.dart:284:55)
#11     State.setState (package:flutter/src/widgets/framework.dart:1199:30)
#12     _TaskManagementTabState._loadData (package:flutter_app/features/admin/presentation/admin_screen.dart:283:5)
#13     _TaskManagementTabState.initState (package:flutter_app/features/admin/presentation/admin_screen.dart:279:5)
#14     StatefulElement._firstBuild (package:flutter/src/widgets/framework.dart:5852:55)
#15     ComponentElement.mount (package:flutter/src/widgets/framework.dart:5699:5)
...     Normal element mounting (50 frames)
#65     Element.inflateWidget (package:flutter/src/widgets/framework.dart:4548:16)
#66     Element.updateChild (package:flutter/src/widgets/framework.dart:4004:18)
#67     SliverMultiBoxAdaptorElement.updateChild (package:flutter/src/widgets/sliver.dart:1001:37)
#68     SliverMultiBoxAdaptorElement.createChild.<anonymous closure> (package:flutter/src/widgets/sliver.dart:985:20)
#69     BuildOwner.buildScope (package:flutter/src/widgets/framework.dart:3046:19)
#70     SliverMultiBoxAdaptorElement.createChild (package:flutter/src/widgets/sliver.dart:975:12)
#71     RenderSliverMultiBoxAdaptor._createOrObtainChild.<anonymous closure> (package:flutter/src/rendering/sliver_multi_box_adaptor.dart:372:23)
#72     RenderObject.invokeLayoutCallback.<anonymous closure> (package:flutter/src/rendering/object.dart:2881:17)
#73     PipelineOwner._enableMutationsToDirtySubtrees (package:flutter/src/rendering/object.dart:1206:15)
#74     RenderObject.invokeLayoutCallback (package:flutter/src/rendering/object.dart:2880:14)
#75     RenderSliverMultiBoxAdaptor._createOrObtainChild (package:flutter/src/rendering/sliver_multi_box_adaptor.dart:360:5)
#76     RenderSliverMultiBoxAdaptor.addInitialChild (package:flutter/src/rendering/sliver_multi_box_adaptor.dart:460:5)
#77     RenderSliverFixedExtentBoxAdaptor.performLayout (package:flutter/src/rendering/sliver_fixed_extent_list.dart:319:12)
#78     RenderObject.layout (package:flutter/src/rendering/object.dart:2762:7)
#79     RenderSliverEdgeInsetsPadding.performLayout (package:flutter/src/rendering/sliver_padding.dart:133:12)
#80     _RenderSliverFractionalPadding.performLayout (package:flutter/src/widgets/sliver_fill.dart:162:11)
#81     RenderObject.layout (package:flutter/src/rendering/object.dart:2762:7)
#82     RenderViewportBase.layoutChildSequence (package:flutter/src/rendering/viewport.dart:673:13)
#83     RenderViewport._attemptLayout (package:flutter/src/rendering/viewport.dart:1684:12)
#84     RenderViewport.performLayout (package:flutter/src/rendering/viewport.dart:1575:20)
#85     RenderObject._layoutWithoutResize (package:flutter/src/rendering/object.dart:2610:7)
#86     PipelineOwner.flushLayout (package:flutter/src/rendering/object.dart:1157:18)
#87     PipelineOwner.flushLayout (package:flutter/src/rendering/object.dart:1170:15)
#88     AutomatedTestWidgetsFlutterBinding.drawFrame (package:flutter_test/src/binding.dart:1508:27)
#89     RendererBinding._handlePersistentFrameCallback (package:flutter/src/rendering/binding.dart:495:5)
#90     SchedulerBinding._invokeFrameCallback (package:flutter/src/scheduler/binding.dart:1434:15)
#91     SchedulerBinding.handleDrawFrame (package:flutter/src/scheduler/binding.dart:1347:9)
#92     AutomatedTestWidgetsFlutterBinding.pump.<anonymous closure> (package:flutter_test/src/binding.dart:1335:9)
#95     TestAsyncUtils.guard (package:flutter_test/src/test_async_utils.dart:74:41)
#96     AutomatedTestWidgetsFlutterBinding.pump (package:flutter_test/src/binding.dart:1324:27)
#97     WidgetTester.pump.<anonymous closure> (package:flutter_test/src/widget_tester.dart:652:53)
#100    TestAsyncUtils.guard (package:flutter_test/src/test_async_utils.dart:74:41)
#101    WidgetTester.pump (package:flutter_test/src/widget_tester.dart:652:27)
#102    main.<anonymous closure>.<anonymous closure> (file:///C:/Tektech/mini-task-tracker/flutter_app/test/widgets/screens/admin_screen_test.dart:96:20)
<asynchronous suspension>
#103    testWidgets.<anonymous closure>.<anonymous closure> (package:flutter_test/src/widget_tester.dart:192:15)
<asynchronous suspension>
#104    TestWidgetsFlutterBinding._runTestBody (package:flutter_test/src/binding.dart:1059:5)
<asynchronous suspension>
<asynchronous suspension>
(elided 9 frames from dart:async and package:stack_trace)

══╡ EXCEPTION CAUGHT BY FLUTTER TEST FRAMEWORK ╞════════════════════════════════════════════════════
The following assertion was thrown running a test:
A Timer is still pending even after the widget tree was disposed.
'package:flutter_test/src/binding.dart':
Failed assertion: line 1617 pos 12: '!timersPending'

When the exception was thrown, this was the stack:
#2      AutomatedTestWidgetsFlutterBinding._verifyInvariants (package:flutter_test/src/binding.dart:1617:12)
#3      TestWidgetsFlutterBinding._runTestBody (package:flutter_test/src/binding.dart:1078:7)
<asynchronous suspension>
<asynchronous suspension>
(elided 3 frames from class _AssertionError and package:stack_trace)

The test description was:
  should switch tabs on tap
════════════════════════════════════════════════════════════════════════════════════════════════════
00:01 +6 -2: C:/Tektech/mini-task-tracker/flutter_app/test/widgets/screens/guest_topics_screen_test.dart: GuestTopicsScreen Widget Tests should render error state with retry button
00:01 +6 -2: C:/Tektech/mini-task-tracker/flutter_app/test/widgets/screens/admin_screen_test.dart: AdminScreen - Tab Bar Rendering should switch tabs on tap [E]
  Test failed. See exception logs above.
  The test description was: should switch tabs on tap
  
00:01 +7 -2: C:/Tektech/mini-task-tracker/flutter_app/test/widgets/screens/admin_screen_test.dart: AdminScreen - Tab Bar Rendering should have AppBar with title
00:01 +8 -2: C:/Tektech/mini-task-tracker/flutter_app/test/widgets/screens/admin_screen_test.dart: AdminScreen - Tab Bar Rendering should have AppBar with title
00:01 +9 -2: C:/Tektech/mini-task-tracker/flutter_app/test/widgets/screens/admin_screen_test.dart: AdminScreen - Tab Bar Rendering should have AppBar with title
══╡ EXCEPTION CAUGHT BY FLUTTER TEST FRAMEWORK ╞════════════════════════════════════════════════════
The following TestFailure was thrown running a test:
Expected: exactly one matching candidate
  Actual: _TextWidgetFinder:<Found 0 widgets with text "Admin Panel": []>
   Which: means none were found but one was expected

When the exception was thrown, this was the stack:
#4      main.<anonymous closure>.<anonymous closure> (file:///C:/Tektech/mini-task-tracker/flutter_app/test/widgets/screens/admin_screen_test.dart:115:7)
<asynchronous suspension>
#5      testWidgets.<anonymous closure>.<anonymous closure> (package:flutter_test/src/widget_tester.dart:192:15)
<asynchronous suspension>
#6      TestWidgetsFlutterBinding._runTestBody (package:flutter_test/src/binding.dart:1059:5)
<asynchronous suspension>
<asynchronous suspension>
(elided one frame from package:stack_trace)

This was caught by the test expectation on the following line:
  file:///C:/Tektech/mini-task-tracker/flutter_app/test/widgets/screens/admin_screen_test.dart line 115
The test description was:
  should have AppBar with title
════════════════════════════════════════════════════════════════════════════════════════════════════
00:01 +9 -3: C:/Tektech/mini-task-tracker/flutter_app/test/widgets/screens/admin_screen_test.dart: AdminScreen - Tab Bar Rendering should have AppBar with title [E]
  Test failed. See exception logs above.
  The test description was: should have AppBar with title
  
00:01 +9 -3: C:/Tektech/mini-task-tracker/flutter_app/test/widgets/screens/admin_screen_test.dart: AdminScreen - Tab Content should render Users tab content
00:01 +10 -3: C:/Tektech/mini-task-tracker/flutter_app/test/widgets/screens/home_screen_test.dart: HomeScreen - Bottom Navigation should render bottom navigation with 3 tabs
00:01 +10 -3: C:/Tektech/mini-task-tracker/flutter_app/test/widgets/screens/admin_screen_test.dart: AdminScreen - Tab Content should render Tasks tab content on switch
Pending timers:
Timer (duration: 0:00:00.000000, periodic: false), created:
#0      new FakeTimer._ (package:fake_async/fake_async.dart:342:62)
#1      FakeAsync._createTimer (package:fake_async/fake_async.dart:260:29)
#2      FakeAsync.run.<anonymous closure> (package:fake_async/fake_async.dart:185:15)
#7      DioMixin.fetch (package:dio/src/dio_mixin.dart:466:30)
#8      _ApiService.getTasks (package:flutter_app/data/datasources/api_service.g.dart:92:32)
#9      TaskRepository.getTeamActiveTasks (package:flutter_app/data/repositories/task_repository.dart:16:40)
#10     _TaskManagementTabState._loadData.<anonymous closure> (package:flutter_app/features/admin/presentation/admin_screen.dart:284:55)
#11     State.setState (package:flutter/src/widgets/framework.dart:1199:30)
#12     _TaskManagementTabState._loadData (package:flutter_app/features/admin/presentation/admin_screen.dart:283:5)
#13     _TaskManagementTabState.initState (package:flutter_app/features/admin/presentation/admin_screen.dart:279:5)
#14     StatefulElement._firstBuild (package:flutter/src/widgets/framework.dart:5852:55)
#15     ComponentElement.mount (package:flutter/src/widgets/framework.dart:5699:5)
...     Normal element mounting (50 frames)
#65     Element.inflateWidget (package:flutter/src/widgets/framework.dart:4548:16)
#66     Element.updateChild (package:flutter/src/widgets/framework.dart:4004:18)
#67     SliverMultiBoxAdaptorElement.updateChild (package:flutter/src/widgets/sliver.dart:1001:37)
#68     SliverMultiBoxAdaptorElement.createChild.<anonymous closure> (package:flutter/src/widgets/sliver.dart:985:20)
#69     BuildOwner.buildScope (package:flutter/src/widgets/framework.dart:3046:19)
#70     SliverMultiBoxAdaptorElement.createChild (package:flutter/src/widgets/sliver.dart:975:12)
#71     RenderSliverMultiBoxAdaptor._createOrObtainChild.<anonymous closure> (package:flutter/src/rendering/sliver_multi_box_adaptor.dart:372:23)
#72     RenderObject.invokeLayoutCallback.<anonymous closure> (package:flutter/src/rendering/object.dart:2881:17)
#73     PipelineOwner._enableMutationsToDirtySubtrees (package:flutter/src/rendering/object.dart:1206:15)
#74     RenderObject.invokeLayoutCallback (package:flutter/src/rendering/object.dart:2880:14)
#75     RenderSliverMultiBoxAdaptor._createOrObtainChild (package:flutter/src/rendering/sliver_multi_box_adaptor.dart:360:5)
#76     RenderSliverMultiBoxAdaptor.addInitialChild (package:flutter/src/rendering/sliver_multi_box_adaptor.dart:460:5)
#77     RenderSliverFixedExtentBoxAdaptor.performLayout (package:flutter/src/rendering/sliver_fixed_extent_list.dart:319:12)
#78     RenderObject.layout (package:flutter/src/rendering/object.dart:2762:7)
#79     RenderSliverEdgeInsetsPadding.performLayout (package:flutter/src/rendering/sliver_padding.dart:133:12)
#80     _RenderSliverFractionalPadding.performLayout (package:flutter/src/widgets/sliver_fill.dart:162:11)
#81     RenderObject.layout (package:flutter/src/rendering/object.dart:2762:7)
#82     RenderViewportBase.layoutChildSequence (package:flutter/src/rendering/viewport.dart:673:13)
#83     RenderViewport._attemptLayout (package:flutter/src/rendering/viewport.dart:1684:12)
#84     RenderViewport.performLayout (package:flutter/src/rendering/viewport.dart:1575:20)
#85     RenderObject._layoutWithoutResize (package:flutter/src/rendering/object.dart:2610:7)
#86     PipelineOwner.flushLayout (package:flutter/src/rendering/object.dart:1157:18)
#87     PipelineOwner.flushLayout (package:flutter/src/rendering/object.dart:1170:15)
#88     AutomatedTestWidgetsFlutterBinding.drawFrame (package:flutter_test/src/binding.dart:1508:27)
#89     RendererBinding._handlePersistentFrameCallback (package:flutter/src/rendering/binding.dart:495:5)
#90     SchedulerBinding._invokeFrameCallback (package:flutter/src/scheduler/binding.dart:1434:15)
#91     SchedulerBinding.handleDrawFrame (package:flutter/src/scheduler/binding.dart:1347:9)
#92     AutomatedTestWidgetsFlutterBinding.pump.<anonymous closure> (package:flutter_test/src/binding.dart:1335:9)
#95     TestAsyncUtils.guard (package:flutter_test/src/test_async_utils.dart:74:41)
#96     AutomatedTestWidgetsFlutterBinding.pump (package:flutter_test/src/binding.dart:1324:27)
#97     WidgetTester.pump.<anonymous closure> (package:flutter_test/src/widget_tester.dart:652:53)
#100    TestAsyncUtils.guard (package:flutter_test/src/test_async_utils.dart:74:41)
#101    WidgetTester.pump (package:flutter_test/src/widget_tester.dart:652:27)
#102    main.<anonymous closure>.<anonymous closure> (file:///C:/Tektech/mini-task-tracker/flutter_app/test/widgets/screens/admin_screen_test.dart:153:20)
<asynchronous suspension>
#103    testWidgets.<anonymous closure>.<anonymous closure> (package:flutter_test/src/widget_tester.dart:192:15)
<asynchronous suspension>
#104    TestWidgetsFlutterBinding._runTestBody (package:flutter_test/src/binding.dart:1059:5)
<asynchronous suspension>
<asynchronous suspension>
(elided 9 frames from dart:async and package:stack_trace)

══╡ EXCEPTION CAUGHT BY FLUTTER TEST FRAMEWORK ╞════════════════════════════════════════════════════
The following assertion was thrown running a test:
A Timer is still pending even after the widget tree was disposed.
'package:flutter_test/src/binding.dart':
Failed assertion: line 1617 pos 12: '!timersPending'

When the exception was thrown, this was the stack:
#2      AutomatedTestWidgetsFlutterBinding._verifyInvariants (package:flutter_test/src/binding.dart:1617:12)
#3      TestWidgetsFlutterBinding._runTestBody (package:flutter_test/src/binding.dart:1078:7)
<asynchronous suspension>
<asynchronous suspension>
(elided 3 frames from class _AssertionError and package:stack_trace)

The test description was:
  should render Tasks tab content on switch
════════════════════════════════════════════════════════════════════════════════════════════════════
00:01 +10 -4: C:/Tektech/mini-task-tracker/flutter_app/test/widgets/screens/home_screen_test.dart: HomeScreen - Bottom Navigation should render bottom navigation with 3 tabs
00:01 +10 -4: C:/Tektech/mini-task-tracker/flutter_app/test/widgets/screens/admin_screen_test.dart: AdminScreen - Tab Content should render Tasks tab content on switch [E]
  Test failed. See exception logs above.
  The test description was: should render Tasks tab content on switch
  
00:01 +11 -4: C:/Tektech/mini-task-tracker/flutter_app/test/widgets/screens/home_screen_test.dart: HomeScreen - Bottom Navigation should render bottom navigation with 3 tabs
00:02 +11 -4: C:/Tektech/mini-task-tracker/flutter_app/test/widgets/screens/admin_screen_test.dart: AdminScreen - Tab Content should render Organization tab content on switch
Pending timers:
Timer (duration: 0:00:00.000000, periodic: false), created:
#0      new FakeTimer._ (package:fake_async/fake_async.dart:342:62)
#1      FakeAsync._createTimer (package:fake_async/fake_async.dart:260:29)
#2      FakeAsync.run.<anonymous closure> (package:fake_async/fake_async.dart:185:15)
#7      DioMixin.fetch (package:dio/src/dio_mixin.dart:466:30)
#8      _ApiService.getOrganization (package:flutter_app/data/datasources/api_service.g.dart:557:32)
#9      OrganizationRepository.getOrganization (package:flutter_app/data/repositories/organization_repository.dart:13:40)
#10     OrganizationNotifier.fetchOrganization (package:flutter_app/features/admin/notifiers/organization_notifier.dart:43:46)
#11     OrganizationNotifier.refresh (package:flutter_app/features/admin/notifiers/organization_notifier.dart:89:11)
#12     _OrganizationTabState._loadData (package:flutter_app/features/admin/presentation/organization_tab.dart:35:53)
#13     _OrganizationTabState.initState.<anonymous closure> (package:flutter_app/features/admin/presentation/organization_tab.dart:29:7)
#14     SchedulerBinding._invokeFrameCallback (package:flutter/src/scheduler/binding.dart:1434:15)
#15     SchedulerBinding.handleDrawFrame (package:flutter/src/scheduler/binding.dart:1361:11)
#16     AutomatedTestWidgetsFlutterBinding.pump.<anonymous closure> (package:flutter_test/src/binding.dart:1335:9)
#19     TestAsyncUtils.guard (package:flutter_test/src/test_async_utils.dart:74:41)
#20     AutomatedTestWidgetsFlutterBinding.pump (package:flutter_test/src/binding.dart:1324:27)
#21     WidgetTester.pump.<anonymous closure> (package:flutter_test/src/widget_tester.dart:652:53)
#24     TestAsyncUtils.guard (package:flutter_test/src/test_async_utils.dart:74:41)
#25     WidgetTester.pump (package:flutter_test/src/widget_tester.dart:652:27)
#26     main.<anonymous closure>.<anonymous closure> (file:///C:/Tektech/mini-task-tracker/flutter_app/test/widgets/screens/admin_screen_test.dart:197:20)
<asynchronous suspension>
#27     testWidgets.<anonymous closure>.<anonymous closure> (package:flutter_test/src/widget_tester.dart:192:15)
<asynchronous suspension>
#28     TestWidgetsFlutterBinding._runTestBody (package:flutter_test/src/binding.dart:1059:5)
<asynchronous suspension>
<asynchronous suspension>
(elided 9 frames from dart:async and package:stack_trace)

══╡ EXCEPTION CAUGHT BY FLUTTER TEST FRAMEWORK ╞════════════════════════════════════════════════════
The following assertion was thrown running a test:
A Timer is still pending even after the widget tree was disposed.
'package:flutter_test/src/binding.dart':
Failed assertion: line 1617 pos 12: '!timersPending'

When the exception was thrown, this was the stack:
#2      AutomatedTestWidgetsFlutterBinding._verifyInvariants (package:flutter_test/src/binding.dart:1617:12)
#3      TestWidgetsFlutterBinding._runTestBody (package:flutter_test/src/binding.dart:1078:7)
<asynchronous suspension>
<asynchronous suspension>
(elided 3 frames from class _AssertionError and package:stack_trace)

The test description was:
  should render Organization tab content on switch
════════════════════════════════════════════════════════════════════════════════════════════════════
00:02 +11 -5: C:/Tektech/mini-task-tracker/flutter_app/test/widgets/screens/home_screen_test.dart: HomeScreen - Bottom Navigation should render bottom navigation with 3 tabs
00:02 +11 -5: C:/Tektech/mini-task-tracker/flutter_app/test/widgets/screens/admin_screen_test.dart: AdminScreen - Tab Content should render Organization tab content on switch [E]
  Test failed. See exception logs above.
  The test description was: should render Organization tab content on switch
  
00:02 +12 -5: C:/Tektech/mini-task-tracker/flutter_app/test/widgets/screens/home_screen_test.dart: HomeScreen - Bottom Navigation should render bottom navigation with 3 tabs
00:02 +13 -5: C:/Tektech/mini-task-tracker/flutter_app/test/widgets/screens/home_screen_test.dart: HomeScreen - Bottom Navigation should render bottom navigation with 3 tabs
00:02 +14 -5: C:/Tektech/mini-task-tracker/flutter_app/test/widgets/screens/login_screen_test.dart: LoginScreen - UI Rendering should render all form fields
00:02 +15 -5: C:/Tektech/mini-task-tracker/flutter_app/test/widgets/screens/login_screen_test.dart: LoginScreen - UI Rendering should render all form fields
00:03 +16 -5: C:/Tektech/mini-task-tracker/flutter_app/test/widgets/screens/my_active_tasks_screen_test.dart: MyActiveTasksScreen - Task List Rendering should display task list when tasks exist
00:03 +17 -5: C:/Tektech/mini-task-tracker/flutter_app/test/widgets/screens/my_active_tasks_screen_test.dart: MyActiveTasksScreen - Task List Rendering should display task list when tasks exist
00:03 +18 -5: C:/Tektech/mini-task-tracker/flutter_app/test/widgets/screens/my_active_tasks_screen_test.dart: MyActiveTasksScreen - Task List Rendering should display task list when tasks exist
00:03 +19 -5: C:/Tektech/mini-task-tracker/flutter_app/test/widgets/screens/my_active_tasks_screen_test.dart: MyActiveTasksScreen - Task List Rendering should display task list when tasks exist
00:03 +20 -5: C:/Tektech/mini-task-tracker/flutter_app/test/widgets/screens/my_active_tasks_screen_test.dart: MyActiveTasksScreen - Task List Rendering should display task list when tasks exist
00:03 +21 -5: C:/Tektech/mini-task-tracker/flutter_app/test/widgets/screens/my_active_tasks_screen_test.dart: MyActiveTasksScreen - Task List Rendering should display task list when tasks exist
00:03 +21 -5: C:/Tektech/mini-task-tracker/flutter_app/test/widgets/screens/home_screen_test.dart: HomeScreen - Floating Action Button should hide FAB for GUEST user
Pending timers:
Timer (duration: 0:00:00.000000, periodic: false), created:
#0      new FakeTimer._ (package:fake_async/fake_async.dart:342:62)
#1      FakeAsync._createTimer (package:fake_async/fake_async.dart:260:29)
#2      FakeAsync.run.<anonymous closure> (package:fake_async/fake_async.dart:185:15)
#7      DioMixin.fetch (package:dio/src/dio_mixin.dart:466:30)
#8      _ApiService.getTopicsForUser (package:flutter_app/data/datasources/api_service.g.dart:139:32)
#9      guestTopicsProvider.<anonymous closure> (package:flutter_app/features/tasks/presentation/guest_topics_screen.dart:23:39)
#10     AutoDisposeFutureProvider._create (package:riverpod/src/future_provider/auto_dispose.dart:46:16)
#11     FutureProviderElement.create.<anonymous closure> (package:riverpod/src/future_provider/base.dart:117:22)
#12     FutureHandlerProviderElementMixin.handleFuture.<anonymous closure> (package:riverpod/src/async_notifier/base.dart:341:30)
#13     FutureHandlerProviderElementMixin._handleAsync (package:riverpod/src/async_notifier/base.dart:388:47)
#14     FutureHandlerProviderElementMixin.handleFuture (package:riverpod/src/async_notifier/base.dart:335:5)
#15     FutureProviderElement.create (package:riverpod/src/future_provider/base.dart:116:5)
#16     ProviderElementBase.buildState (package:riverpod/src/framework/element.dart:426:7)
#17     ProviderElementBase.mount (package:riverpod/src/framework/element.dart:228:5)
#18     _StateReader._create (package:riverpod/src/framework/container.dart:47:11)
#19     _StateReader.getElement (package:riverpod/src/framework/container.dart:35:52)
#20     ProviderContainer.readProviderElement.<anonymous closure> (package:riverpod/src/framework/container.dart:440:40)
#21     ProviderContainer.readProviderElement (package:riverpod/src/framework/container.dart:475:8)
#22     ProviderBase.addListener (package:riverpod/src/framework/provider_base.dart:79:26)
#23     ProviderContainer.listen (package:riverpod/src/framework/container.dart:280:21)
#24     ConsumerStatefulElement.watch.<anonymous closure> (package:flutter_riverpod/src/consumer.dart:564:25)
#25     _LinkedHashMapMixin.putIfAbsent (dart:_compact_hash:674:23)
#26     ConsumerStatefulElement.watch (package:flutter_riverpod/src/consumer.dart:557:26)
#27     GuestTopicsScreen.build (package:flutter_app/features/tasks/presentation/guest_topics_screen.dart:36:29)
#28     _ConsumerState.build (package:flutter_riverpod/src/consumer.dart:476:19)
#29     StatefulElement.build (package:flutter/src/widgets/framework.dart:5833:27)
#30     ConsumerStatefulElement.build (package:flutter_riverpod/src/consumer.dart:539:20)
#31     ComponentElement.performRebuild (package:flutter/src/widgets/framework.dart:5723:15)
#32     StatefulElement.performRebuild (package:flutter/src/widgets/framework.dart:5884:11)
#33     Element.rebuild (package:flutter/src/widgets/framework.dart:5435:7)
#34     ComponentElement._firstBuild (package:flutter/src/widgets/framework.dart:5705:5)
#35     StatefulElement._firstBuild (package:flutter/src/widgets/framework.dart:5875:11)
#36     ComponentElement.mount (package:flutter/src/widgets/framework.dart:5699:5)
...     Normal element mounting (25 frames)
#61     Element.inflateWidget (package:flutter/src/widgets/framework.dart:4548:16)
#62     MultiChildRenderObjectElement.inflateWidget (package:flutter/src/widgets/framework.dart:7169:36)
#63     MultiChildRenderObjectElement.mount (package:flutter/src/widgets/framework.dart:7185:32)
...     Normal element mounting (105 frames)
#168    Element.inflateWidget (package:flutter/src/widgets/framework.dart:4548:16)
#169    MultiChildRenderObjectElement.inflateWidget (package:flutter/src/widgets/framework.dart:7169:36)
#170    MultiChildRenderObjectElement.mount (package:flutter/src/widgets/framework.dart:7185:32)
...     Normal element mounting (33 frames)
#203    Element.inflateWidget (package:flutter/src/widgets/framework.dart:4548:16)
#204    MultiChildRenderObjectElement.inflateWidget (package:flutter/src/widgets/framework.dart:7169:36)
#205    MultiChildRenderObjectElement.mount (package:flutter/src/widgets/framework.dart:7185:32)
...     Normal element mounting (332 frames)
#537    Element.inflateWidget (package:flutter/src/widgets/framework.dart:4548:16)
#538    MultiChildRenderObjectElement.inflateWidget (package:flutter/src/widgets/framework.dart:7169:36)
#539    MultiChildRenderObjectElement.mount (package:flutter/src/widgets/framework.dart:7185:32)
...     Normal element mounting (471 frames)
#1010   _UncontrolledProviderScopeElement.mount (package:flutter_riverpod/src/framework.dart:315:11)
...     Normal element mounting (9 frames)
#1019   Element.inflateWidget (package:flutter/src/widgets/framework.dart:4548:16)
#1020   Element.updateChild (package:flutter/src/widgets/framework.dart:3998:20)
#1021   ComponentElement.performRebuild (package:flutter/src/widgets/framework.dart:5747:16)
#1022   Element.rebuild (package:flutter/src/widgets/framework.dart:5435:7)
#1023   ProxyElement.update (package:flutter/src/widgets/framework.dart:6051:5)
#1024   _InheritedNotifierElement.update (package:flutter/src/widgets/inherited_notifier.dart:108:11)
#1025   Element.updateChild (package:flutter/src/widgets/framework.dart:3982:15)
#1026   ComponentElement.performRebuild (package:flutter/src/widgets/framework.dart:5747:16)
#1027   StatefulElement.performRebuild (package:flutter/src/widgets/framework.dart:5884:11)
#1028   Element.rebuild (package:flutter/src/widgets/framework.dart:5435:7)
#1029   StatefulElement.update (package:flutter/src/widgets/framework.dart:5909:5)
#1030   Element.updateChild (package:flutter/src/widgets/framework.dart:3982:15)
#1031   ComponentElement.performRebuild (package:flutter/src/widgets/framework.dart:5747:16)
#1032   Element.rebuild (package:flutter/src/widgets/framework.dart:5435:7)
#1033   ProxyElement.update (package:flutter/src/widgets/framework.dart:6051:5)
#1034   _InheritedNotifierElement.update (package:flutter/src/widgets/inherited_notifier.dart:108:11)
#1035   Element.updateChild (package:flutter/src/widgets/framework.dart:3982:15)
#1036   ComponentElement.performRebuild (package:flutter/src/widgets/framework.dart:5747:16)
#1037   StatefulElement.performRebuild (package:flutter/src/widgets/framework.dart:5884:11)
#1038   Element.rebuild (package:flutter/src/widgets/framework.dart:5435:7)
#1039   StatefulElement.update (package:flutter/src/widgets/framework.dart:5909:5)
#1040   Element.updateChild (package:flutter/src/widgets/framework.dart:3982:15)
#1041   ComponentElement.performRebuild (package:flutter/src/widgets/framework.dart:5747:16)
#1042   StatefulElement.performRebuild (package:flutter/src/widgets/framework.dart:5884:11)
#1043   Element.rebuild (package:flutter/src/widgets/framework.dart:5435:7)
#1044   StatefulElement.update (package:flutter/src/widgets/framework.dart:5909:5)
#1045   Element.updateChild (package:flutter/src/widgets/framework.dart:3982:15)
#1046   ComponentElement.performRebuild (package:flutter/src/widgets/framework.dart:5747:16)
#1047   Element.rebuild (package:flutter/src/widgets/framework.dart:5435:7)
#1048   ProxyElement.update (package:flutter/src/widgets/framework.dart:6051:5)
#1049   Element.updateChild (package:flutter/src/widgets/framework.dart:3982:15)
#1050   ComponentElement.performRebuild (package:flutter/src/widgets/framework.dart:5747:16)
#1051   StatefulElement.performRebuild (package:flutter/src/widgets/framework.dart:5884:11)
#1052   Element.rebuild (package:flutter/src/widgets/framework.dart:5435:7)
#1053   StatefulElement.update (package:flutter/src/widgets/framework.dart:5909:5)
#1054   Element.updateChild (package:flutter/src/widgets/framework.dart:3982:15)
#1055   ComponentElement.performRebuild (package:flutter/src/widgets/framework.dart:5747:16)
#1056   Element.rebuild (package:flutter/src/widgets/framework.dart:5435:7)
#1057   ProxyElement.update (package:flutter/src/widgets/framework.dart:6051:5)
#1058   Element.updateChild (package:flutter/src/widgets/framework.dart:3982:15)
#1059   ComponentElement.performRebuild (package:flutter/src/widgets/framework.dart:5747:16)
#1060   Element.rebuild (package:flutter/src/widgets/framework.dart:5435:7)
#1061   ProxyElement.update (package:flutter/src/widgets/framework.dart:6051:5)
#1062   Element.updateChild (package:flutter/src/widgets/framework.dart:3982:15)
#1063   _RawViewElement._updateChild (package:flutter/src/widgets/view.dart:481:16)
#1064   _RawViewElement.update (package:flutter/src/widgets/view.dart:568:5)
#1065   Element.updateChild (package:flutter/src/widgets/framework.dart:3982:15)
#1066   ComponentElement.performRebuild (package:flutter/src/widgets/framework.dart:5747:16)
#1067   Element.rebuild (package:flutter/src/widgets/framework.dart:5435:7)
#1068   StatelessElement.update (package:flutter/src/widgets/framework.dart:5797:5)
#1069   Element.updateChild (package:flutter/src/widgets/framework.dart:3982:15)
#1070   ComponentElement.performRebuild (package:flutter/src/widgets/framework.dart:5747:16)
#1071   StatefulElement.performRebuild (package:flutter/src/widgets/framework.dart:5884:11)
#1072   Element.rebuild (package:flutter/src/widgets/framework.dart:5435:7)
#1073   StatefulElement.update (package:flutter/src/widgets/framework.dart:5909:5)
#1074   Element.updateChild (package:flutter/src/widgets/framework.dart:3982:15)
#1075   RootElement._rebuild (package:flutter/src/widgets/binding.dart:1716:16)
#1076   RootElement.update (package:flutter/src/widgets/binding.dart:1694:5)
#1077   RootElement.performRebuild (package:flutter/src/widgets/binding.dart:1708:7)
#1078   Element.rebuild (package:flutter/src/widgets/framework.dart:5435:7)
#1079   BuildScope._tryRebuild (package:flutter/src/widgets/framework.dart:2695:15)
#1080   BuildScope._flushDirtyElements (package:flutter/src/widgets/framework.dart:2752:11)
#1081   BuildOwner.buildScope (package:flutter/src/widgets/framework.dart:3056:18)
#1082   AutomatedTestWidgetsFlutterBinding.drawFrame (package:flutter_test/src/binding.dart:1506:19)
#1083   RendererBinding._handlePersistentFrameCallback (package:flutter/src/rendering/binding.dart:495:5)
#1084   SchedulerBinding._invokeFrameCallback (package:flutter/src/scheduler/binding.dart:1434:15)
#1085   SchedulerBinding.handleDrawFrame (package:flutter/src/scheduler/binding.dart:1347:9)
#1086   AutomatedTestWidgetsFlutterBinding.pump.<anonymous closure> (package:flutter_test/src/binding.dart:1335:9)
#1089   TestAsyncUtils.guard (package:flutter_test/src/test_async_utils.dart:74:41)
#1090   AutomatedTestWidgetsFlutterBinding.pump (package:flutter_test/src/binding.dart:1324:27)
#1091   WidgetTester.pumpWidget.<anonymous closure> (package:flutter_test/src/widget_tester.dart:598:22)
#1094   TestAsyncUtils.guard (package:flutter_test/src/test_async_utils.dart:74:41)
#1095   WidgetTester.pumpWidget (package:flutter_test/src/widget_tester.dart:595:27)
#1096   pumpTestWidget (file:///C:/Tektech/mini-task-tracker/flutter_app/test/helpers/test_helpers.dart:11:16)
#1097   main.<anonymous closure>.<anonymous closure> (file:///C:/Tektech/mini-task-tracker/flutter_app/test/widgets/screens/home_screen_test.dart:114:13)
#1098   testWidgets.<anonymous closure>.<anonymous closure> (package:flutter_test/src/widget_tester.dart:192:29)
<asynchronous suspension>
#1099   TestWidgetsFlutterBinding._runTestBody (package:flutter_test/src/binding.dart:1059:5)
<asynchronous suspension>
<asynchronous suspension>
(elided 9 frames from dart:async and package:stack_trace)

══╡ EXCEPTION CAUGHT BY FLUTTER TEST FRAMEWORK ╞════════════════════════════════════════════════════
The following assertion was thrown running a test:
A Timer is still pending even after the widget tree was disposed.
'package:flutter_test/src/binding.dart':
Failed assertion: line 1617 pos 12: '!timersPending'

When the exception was thrown, this was the stack:
#2      AutomatedTestWidgetsFlutterBinding._verifyInvariants (package:flutter_test/src/binding.dart:1617:12)
#3      TestWidgetsFlutterBinding._runTestBody (package:flutter_test/src/binding.dart:1078:7)
<asynchronous suspension>
<asynchronous suspension>
(elided 3 frames from class _AssertionError and package:stack_trace)

The test description was:
  should hide FAB for GUEST user
════════════════════════════════════════════════════════════════════════════════════════════════════
00:03 +21 -6: C:/Tektech/mini-task-tracker/flutter_app/test/widgets/screens/my_active_tasks_screen_test.dart: MyActiveTasksScreen - Task List Rendering should display task list when tasks exist
00:03 +21 -6: C:/Tektech/mini-task-tracker/flutter_app/test/widgets/screens/home_screen_test.dart: HomeScreen - Floating Action Button should hide FAB for GUEST user [E]
  Test failed. See exception logs above.
  The test description was: should hide FAB for GUEST user
  
00:03 +22 -6: C:/Tektech/mini-task-tracker/flutter_app/test/widgets/screens/my_active_tasks_screen_test.dart: MyActiveTasksScreen - Task List Rendering should display task list when tasks exist
00:03 +23 -6: C:/Tektech/mini-task-tracker/flutter_app/test/widgets/screens/my_active_tasks_screen_test.dart: MyActiveTasksScreen - Task List Rendering should display task list when tasks exist
00:03 +24 -6: C:/Tektech/mini-task-tracker/flutter_app/test/widgets/screens/my_completed_tasks_screen_test.dart: MyCompletedTasksScreen - Completed Tasks Display should display completed tasks
00:03 +25 -6: C:/Tektech/mini-task-tracker/flutter_app/test/widgets/screens/my_completed_tasks_screen_test.dart: MyCompletedTasksScreen - Completed Tasks Display should display completed tasks
00:03 +26 -6: C:/Tektech/mini-task-tracker/flutter_app/test/widgets/screens/my_completed_tasks_screen_test.dart: MyCompletedTasksScreen - Completed Tasks Display should display completed tasks
00:04 +27 -6: C:/Tektech/mini-task-tracker/flutter_app/test/widgets/screens/my_completed_tasks_screen_test.dart: MyCompletedTasksScreen - Completed Tasks Display should display completed tasks
00:04 +28 -6: C:/Tektech/mini-task-tracker/flutter_app/test/widgets/screens/my_completed_tasks_screen_test.dart: MyCompletedTasksScreen - Completed Tasks Display should display completed tasks
00:04 +28 -6: C:/Tektech/mini-task-tracker/flutter_app/test/widgets/screens/home_screen_test.dart: HomeScreen - AppBar should render AppBar with profile icon
══╡ EXCEPTION CAUGHT BY FLUTTER TEST FRAMEWORK ╞════════════════════════════════════════════════════
The following TestFailure was thrown running a test:
Expected: exactly one matching candidate
  Actual: _IconWidgetFinder:<Found 0 widgets with icon "IconData(U+0E043)": []>
   Which: means none were found but one was expected

When the exception was thrown, this was the stack:
#4      main.<anonymous closure>.<anonymous closure> (file:///C:/Tektech/mini-task-tracker/flutter_app/test/widgets/screens/home_screen_test.dart:170:7)
<asynchronous suspension>
#5      testWidgets.<anonymous closure>.<anonymous closure> (package:flutter_test/src/widget_tester.dart:192:15)
<asynchronous suspension>
#6      TestWidgetsFlutterBinding._runTestBody (package:flutter_test/src/binding.dart:1059:5)
<asynchronous suspension>
<asynchronous suspension>
(elided one frame from package:stack_trace)

This was caught by the test expectation on the following line:
  file:///C:/Tektech/mini-task-tracker/flutter_app/test/widgets/screens/home_screen_test.dart line 170
The test description was:
  should render AppBar with profile icon
════════════════════════════════════════════════════════════════════════════════════════════════════
00:04 +28 -7: C:/Tektech/mini-task-tracker/flutter_app/test/widgets/screens/my_completed_tasks_screen_test.dart: MyCompletedTasksScreen - Completed Tasks Display should display completed tasks
00:04 +28 -7: C:/Tektech/mini-task-tracker/flutter_app/test/widgets/screens/home_screen_test.dart: HomeScreen - AppBar should render AppBar with profile icon [E]
  Test failed. See exception logs above.
  The test description was: should render AppBar with profile icon
  
00:04 +29 -7: C:/Tektech/mini-task-tracker/flutter_app/test/widgets/screens/registration_screen_test.dart: RegistrationScreen - UI Rendering should render all form fields
00:04 +30 -7: C:/Tektech/mini-task-tracker/flutter_app/test/widgets/screens/registration_screen_test.dart: RegistrationScreen - UI Rendering should render all form fields
00:04 +31 -7: C:/Tektech/mini-task-tracker/flutter_app/test/widgets/screens/registration_screen_test.dart: RegistrationScreen - UI Rendering should render all form fields
00:04 +32 -7: C:/Tektech/mini-task-tracker/flutter_app/test/widgets/screens/registration_screen_test.dart: RegistrationScreen - UI Rendering should render all form fields
00:04 +32 -7: C:/Tektech/mini-task-tracker/flutter_app/test/widgets/screens/home_screen_test.dart: HomeScreen - AppBar should show user menu on profile icon tap
══╡ EXCEPTION CAUGHT BY FLUTTER TEST FRAMEWORK ╞════════════════════════════════════════════════════
The following assertion was thrown running a test:
The finder "Found 0 widgets with icon "IconData(U+0E043)": []" (used in a call to "tap()") could not
find any matching widgets.

When the exception was thrown, this was the stack:
#0      WidgetController._getElementPoint (package:flutter_test/src/controller.dart:2009:7)
#1      WidgetController.getCenter (package:flutter_test/src/controller.dart:1861:12)
#2      WidgetController.tap (package:flutter_test/src/controller.dart:1041:7)
#3      main.<anonymous closure>.<anonymous closure> (file:///C:/Tektech/mini-task-tracker/flutter_app/test/widgets/screens/home_screen_test.dart:187:20)
<asynchronous suspension>
#4      testWidgets.<anonymous closure>.<anonymous closure> (package:flutter_test/src/widget_tester.dart:192:15)
<asynchronous suspension>
#5      TestWidgetsFlutterBinding._runTestBody (package:flutter_test/src/binding.dart:1059:5)
<asynchronous suspension>
<asynchronous suspension>
(elided one frame from package:stack_trace)

The test description was:
  should show user menu on profile icon tap
════════════════════════════════════════════════════════════════════════════════════════════════════
00:04 +32 -8: C:/Tektech/mini-task-tracker/flutter_app/test/widgets/screens/registration_screen_test.dart: RegistrationScreen - UI Rendering should render all form fields
00:04 +32 -8: C:/Tektech/mini-task-tracker/flutter_app/test/widgets/screens/home_screen_test.dart: HomeScreen - AppBar should show user menu on profile icon tap [E]
  Test failed. See exception logs above.
  The test description was: should show user menu on profile icon tap
  
00:04 +33 -8: C:/Tektech/mini-task-tracker/flutter_app/test/widgets/screens/registration_screen_test.dart: RegistrationScreen - UI Rendering should render all form fields
00:04 +34 -8: C:/Tektech/mini-task-tracker/flutter_app/test/widgets/screens/registration_screen_test.dart: RegistrationScreen - UI Rendering should render all form fields
00:04 +35 -8: C:/Tektech/mini-task-tracker/flutter_app/test/widgets/screens/registration_screen_test.dart: RegistrationScreen - UI Rendering should render all form fields
00:04 +36 -8: C:/Tektech/mini-task-tracker/flutter_app/test/widgets/screens/registration_screen_test.dart: RegistrationScreen - UI Rendering should render all form fields
00:04 +36 -8: C:/Tektech/mini-task-tracker/flutter_app/test/widgets/screens/home_screen_test.dart: HomeScreen - AppBar should show Admin Mode option for TEAM_MANAGER
══╡ EXCEPTION CAUGHT BY FLUTTER TEST FRAMEWORK ╞════════════════════════════════════════════════════
The following assertion was thrown running a test:
The finder "Found 0 widgets with icon "IconData(U+0E043)": []" (used in a call to "tap()") could not
find any matching widgets.

When the exception was thrown, this was the stack:
#0      WidgetController._getElementPoint (package:flutter_test/src/controller.dart:2009:7)
#1      WidgetController.getCenter (package:flutter_test/src/controller.dart:1861:12)
#2      WidgetController.tap (package:flutter_test/src/controller.dart:1041:7)
#3      main.<anonymous closure>.<anonymous closure> (file:///C:/Tektech/mini-task-tracker/flutter_app/test/widgets/screens/home_screen_test.dart:210:20)
<asynchronous suspension>
#4      testWidgets.<anonymous closure>.<anonymous closure> (package:flutter_test/src/widget_tester.dart:192:15)
<asynchronous suspension>
#5      TestWidgetsFlutterBinding._runTestBody (package:flutter_test/src/binding.dart:1059:5)
<asynchronous suspension>
<asynchronous suspension>
(elided one frame from package:stack_trace)

The test description was:
  should show Admin Mode option for TEAM_MANAGER
════════════════════════════════════════════════════════════════════════════════════════════════════
00:04 +36 -9: C:/Tektech/mini-task-tracker/flutter_app/test/widgets/screens/registration_screen_test.dart: RegistrationScreen - UI Rendering should render all form fields
00:04 +36 -9: C:/Tektech/mini-task-tracker/flutter_app/test/widgets/screens/home_screen_test.dart: HomeScreen - AppBar should show Admin Mode option for TEAM_MANAGER [E]
  Test failed. See exception logs above.
  The test description was: should show Admin Mode option for TEAM_MANAGER
  
00:04 +37 -9: C:/Tektech/mini-task-tracker/flutter_app/test/widgets/screens/registration_screen_test.dart: RegistrationScreen - UI Rendering should render all form fields
00:04 +38 -9: C:/Tektech/mini-task-tracker/flutter_app/test/widgets/screens/registration_screen_test.dart: RegistrationScreen - UI Rendering should render all form fields
00:04 +39 -9: C:/Tektech/mini-task-tracker/flutter_app/test/widgets/screens/registration_screen_test.dart: RegistrationScreen - UI Rendering should render all form fields
00:04 +40 -9: C:/Tektech/mini-task-tracker/flutter_app/test/widgets/screens/settings_screen_test.dart: SettingsScreen Widget Tests should render settings screen with app bar
00:04 +41 -9: C:/Tektech/mini-task-tracker/flutter_app/test/widgets/screens/settings_screen_test.dart: SettingsScreen Widget Tests should render settings screen with app bar
00:04 +42 -9: C:/Tektech/mini-task-tracker/flutter_app/test/widgets/screens/settings_screen_test.dart: SettingsScreen Widget Tests should render settings screen with app bar
00:04 +42 -9: C:/Tektech/mini-task-tracker/flutter_app/test/widgets/screens/home_screen_test.dart: HomeScreen - AppBar should hide Admin Mode option for MEMBER
══╡ EXCEPTION CAUGHT BY FLUTTER TEST FRAMEWORK ╞════════════════════════════════════════════════════
The following assertion was thrown running a test:
The finder "Found 0 widgets with icon "IconData(U+0E043)": []" (used in a call to "tap()") could not
find any matching widgets.

When the exception was thrown, this was the stack:
#0      WidgetController._getElementPoint (package:flutter_test/src/controller.dart:2009:7)
#1      WidgetController.getCenter (package:flutter_test/src/controller.dart:1861:12)
#2      WidgetController.tap (package:flutter_test/src/controller.dart:1041:7)
#3      main.<anonymous closure>.<anonymous closure> (file:///C:/Tektech/mini-task-tracker/flutter_app/test/widgets/screens/home_screen_test.dart:231:20)
<asynchronous suspension>
#4      testWidgets.<anonymous closure>.<anonymous closure> (package:flutter_test/src/widget_tester.dart:192:15)
<asynchronous suspension>
#5      TestWidgetsFlutterBinding._runTestBody (package:flutter_test/src/binding.dart:1059:5)
<asynchronous suspension>
<asynchronous suspension>
(elided one frame from package:stack_trace)

The test description was:
  should hide Admin Mode option for MEMBER
════════════════════════════════════════════════════════════════════════════════════════════════════
00:04 +42 -10: C:/Tektech/mini-task-tracker/flutter_app/test/widgets/screens/settings_screen_test.dart: SettingsScreen Widget Tests should render settings screen with app bar
00:04 +42 -10: C:/Tektech/mini-task-tracker/flutter_app/test/widgets/screens/home_screen_test.dart: HomeScreen - AppBar should hide Admin Mode option for MEMBER [E]
  Test failed. See exception logs above.
  The test description was: should hide Admin Mode option for MEMBER
  
00:04 +43 -10: C:/Tektech/mini-task-tracker/flutter_app/test/widgets/screens/settings_screen_test.dart: SettingsScreen Widget Tests should render settings screen with app bar
00:04 +44 -10: C:/Tektech/mini-task-tracker/flutter_app/test/widgets/screens/settings_screen_test.dart: SettingsScreen Widget Tests should render settings screen with app bar
00:04 +45 -10: C:/Tektech/mini-task-tracker/flutter_app/test/widgets/screens/settings_screen_test.dart: SettingsScreen Widget Tests should render settings screen with app bar
00:04 +46 -10: C:/Tektech/mini-task-tracker/flutter_app/test/widgets/screens/settings_screen_test.dart: SettingsScreen Widget Tests should render settings screen with app bar
00:05 +47 -10: C:/Tektech/mini-task-tracker/flutter_app/test/widgets/screens/settings_screen_test.dart: SettingsScreen Widget Tests should render settings screen with app bar
00:05 +47 -10: C:/Tektech/mini-task-tracker/flutter_app/test/widgets/screens/home_screen_test.dart: HomeScreen - AppBar should show Logout option for all users
══╡ EXCEPTION CAUGHT BY FLUTTER TEST FRAMEWORK ╞════════════════════════════════════════════════════
The following assertion was thrown running a test:
The finder "Found 0 widgets with icon "IconData(U+0E043)": []" (used in a call to "tap()") could not
find any matching widgets.

When the exception was thrown, this was the stack:
#0      WidgetController._getElementPoint (package:flutter_test/src/controller.dart:2009:7)
#1      WidgetController.getCenter (package:flutter_test/src/controller.dart:1861:12)
#2      WidgetController.tap (package:flutter_test/src/controller.dart:1041:7)
#3      main.<anonymous closure>.<anonymous closure> (file:///C:/Tektech/mini-task-tracker/flutter_app/test/widgets/screens/home_screen_test.dart:252:20)
<asynchronous suspension>
#4      testWidgets.<anonymous closure>.<anonymous closure> (package:flutter_test/src/widget_tester.dart:192:15)
<asynchronous suspension>
#5      TestWidgetsFlutterBinding._runTestBody (package:flutter_test/src/binding.dart:1059:5)
<asynchronous suspension>
<asynchronous suspension>
(elided one frame from package:stack_trace)

The test description was:
  should show Logout option for all users
════════════════════════════════════════════════════════════════════════════════════════════════════
00:05 +47 -11: C:/Tektech/mini-task-tracker/flutter_app/test/widgets/screens/settings_screen_test.dart: SettingsScreen Widget Tests should render settings screen with app bar
00:05 +47 -11: C:/Tektech/mini-task-tracker/flutter_app/test/widgets/screens/home_screen_test.dart: HomeScreen - AppBar should show Logout option for all users [E]
  Test failed. See exception logs above.
  The test description was: should show Logout option for all users
  
00:05 +48 -11: C:/Tektech/mini-task-tracker/flutter_app/test/widgets/screens/settings_screen_test.dart: SettingsScreen Widget Tests should render settings screen with app bar
00:05 +49 -11: C:/Tektech/mini-task-tracker/flutter_app/test/widgets/screens/settings_screen_test.dart: SettingsScreen Widget Tests should render settings screen with app bar
00:05 +50 -11: C:/Tektech/mini-task-tracker/flutter_app/test/widgets/screens/settings_screen_test.dart: SettingsScreen Widget Tests should render settings screen with app bar
00:05 +51 -11: C:/Tektech/mini-task-tracker/flutter_app/test/widgets/screens/settings_screen_test.dart: SettingsScreen Widget Tests should render settings screen with app bar
00:05 +52 -11: C:/Tektech/mini-task-tracker/flutter_app/test/widgets/screens/team_active_tasks_screen_test.dart: TeamActiveTasksScreen - Read-Only Display should display team tasks as read-only
00:05 +53 -11: C:/Tektech/mini-task-tracker/flutter_app/test/widgets/screens/team_active_tasks_screen_test.dart: TeamActiveTasksScreen - Read-Only Display should display team tasks as read-only
00:05 +54 -11: C:/Tektech/mini-task-tracker/flutter_app/test/widgets/screens/team_active_tasks_screen_test.dart: TeamActiveTasksScreen - Read-Only Display should display team tasks as read-only
00:05 +55 -11: C:/Tektech/mini-task-tracker/flutter_app/test/widgets/screens/team_active_tasks_screen_test.dart: TeamActiveTasksScreen - Read-Only Display should display team tasks as read-only
00:05 +56 -11: C:/Tektech/mini-task-tracker/flutter_app/test/widgets/screens/login_screen_test.dart: LoginScreen - Error Handling should show inactive organization error
00:05 +57 -11: C:/Tektech/mini-task-tracker/flutter_app/test/widgets/screens/registration_screen_test.dart: RegistrationScreen - Form Validation should validate email format
00:05 +58 -11: C:/Tektech/mini-task-tracker/flutter_app/test/widgets/screens/registration_screen_test.dart: RegistrationScreen - Form Validation should validate email format
00:05 +59 -11: C:/Tektech/mini-task-tracker/flutter_app/test/widgets/screens/registration_screen_test.dart: RegistrationScreen - Form Validation should validate email format
00:05 +60 -11: C:/Tektech/mini-task-tracker/flutter_app/test/widgets/screens/registration_screen_test.dart: RegistrationScreen - Form Validation should validate email format
00:05 +61 -11: C:/Tektech/mini-task-tracker/flutter_app/test/widgets/screens/registration_screen_test.dart: RegistrationScreen - Form Validation should validate email format
00:06 +62 -11: C:/Tektech/mini-task-tracker/flutter_app/test/widgets/screens/settings_screen_test.dart: SettingsScreen Widget Tests should render logout option
00:06 +63 -11: C:/Tektech/mini-task-tracker/flutter_app/test/widgets/screens/settings_screen_test.dart: SettingsScreen Widget Tests should render logout option
00:06 +64 -11: C:/Tektech/mini-task-tracker/flutter_app/test/widgets/screens/registration_screen_test.dart: RegistrationScreen - Form Validation should validate password minimum length
00:06 +65 -11: C:/Tektech/mini-task-tracker/flutter_app/test/widgets/screens/registration_screen_test.dart: RegistrationScreen - Form Validation should validate password minimum length
00:06 +66 -11: C:/Tektech/mini-task-tracker/flutter_app/test/widgets/screens/team_active_tasks_screen_test.dart: TeamActiveTasksScreen - Guest User Filtering should pull to refresh for all users
00:06 +67 -11: C:/Tektech/mini-task-tracker/flutter_app/test/widgets/screens/registration_screen_test.dart: RegistrationScreen - Registration Flow should call register with correct data
00:06 +68 -11: C:/Tektech/mini-task-tracker/flutter_app/test/widgets/screens/registration_screen_test.dart: RegistrationScreen - Registration Flow should show error on duplicate email
00:06 +69 -11: C:/Tektech/mini-task-tracker/flutter_app/test/widgets/screens/registration_screen_test.dart: RegistrationScreen - Registration Flow should show loading state during registration
00:07 +70 -11: C:/Tektech/mini-task-tracker/flutter_app/test/widgets/screens/registration_screen_test.dart: RegistrationScreen - Field Validation should validate company name minimum length
00:07 +71 -11: C:/Tektech/mini-task-tracker/flutter_app/test/widgets/screens/registration_screen_test.dart: RegistrationScreen - Field Validation should validate team name minimum length
00:07 +72 -11: C:/Tektech/mini-task-tracker/flutter_app/test/widgets/screens/registration_screen_test.dart: RegistrationScreen - Field Validation should validate manager name minimum length
00:07 +73 -11: Some tests failed.
